<?xml version="1.0" encoding="UTF-8"?>
<coverage generated="1787205734003" clover="3.2.0">
  <project timestamp="1787205734003" name="All files">
    <metrics statements="29" coveredstatements="27" conditionals="12" coveredconditionals="11" methods="6" coveredmethods="5" elements="47" coveredelements="43" complexity="0" loc="29" ncloc="29" packages="1" files="1" classes="1"/>
    <file name="app.js" path="C:\Users\Yeremy\Desktop\progra4\indi\PROGRAIV-TAREAEXTRACLASE2\src\app.js">
      <metrics statements="29" coveredstatements="27" conditionals="12" coveredconditionals="11" methods="6" coveredmethods="5"/>
      <line num="1" count="1" type="stmt"/>
      <line num="3" count="1" type="stmt"/>
      <line num="4" count="1" type="stmt"/>
      <line num="7" count="1" type="stmt"/>
      <line num="10" count="5" type="cond" truecount="6" falsecount="0"/>
      <line num="11" count="2" type="stmt"/>
      <line num="13" count="3" type="stmt"/>
      <line num="17" count="3" type="stmt"/>
      <line num="20" count="1" type="stmt"/>
      <line num="21" count="1" type="stmt"/>
      <line num="24" count="1" type="stmt"/>
      <line num="25" count="2" type="stmt"/>
      <line num="26" count="2" type="stmt"/>
      <line num="27" count="2" type="stmt"/>
      <line num="28" count="2" type="stmt"/>
      <line num="29" count="1" type="stmt"/>
      <line num="31" count="1" type="stmt"/>
      <line num="35" count="1" type="stmt"/>
      <line num="36" count="2" type="stmt"/>
      <line num="38" count="2" type="cond" truecount="4" falsecount="0"/>
      <line num="39" count="1" type="stmt"/>
      <line num="41" count="1" type="cond" truecount="1" falsecount="1"/>
      <line num="42" count="0" type="stmt"/>
      <line num="45" count="1" type="stmt"/>
      <line num="46" count="1" type="stmt"/>
      <line num="47" count="1" type="stmt"/>
      <line num="50" count="1" type="stmt"/>
      <line num="51" count="0" type="stmt"/>
      <line num="54" count="1" type="stmt"/>
    </file>
  </project>
</coverage>
