{"C:\\Users\\Yeremy\\Desktop\\progra4\\indi\\PROGRAIV-TAREAEXTRACLASE2\\src\\app.js": {"path":"C:\\Users\\Yeremy\\Desktop\\progra4\\indi\\PROGRAIV-TAREAEXTRACLASE2\\src\\app.js","statementMap":{"0":{"start":{"line":1,"column":16},"end":{"line":1,"column":34}},"1":{"start":{"line":3,"column":12},"end":{"line":3,"column":21}},"2":{"start":{"line":4,"column":0},"end":{"line":4,"column":24}},"3":{"start":{"line":7,"column":14},"end":{"line":7,"column":16}},"4":{"start":{"line":10,"column":2},"end":{"line":12,"column":3}},"5":{"start":{"line":11,"column":4},"end":{"line":11,"column":51}},"6":{"start":{"line":13,"column":2},"end":{"line":13,"column":15}},"7":{"start":{"line":17,"column":2},"end":{"line":17,"column":50}},"8":{"start":{"line":20,"column":0},"end":{"line":22,"column":3}},"9":{"start":{"line":21,"column":2},"end":{"line":21,"column":41}},"10":{"start":{"line":24,"column":0},"end":{"line":33,"column":3}},"11":{"start":{"line":25,"column":12},"end":{"line":25,"column":31}},"12":{"start":{"line":26,"column":12},"end":{"line":26,"column":31}},"13":{"start":{"line":27,"column":2},"end":{"line":32,"column":3}},"14":{"start":{"line":28,"column":19},"end":{"line":28,"column":28}},"15":{"start":{"line":29,"column":4},"end":{"line":29,"column":37}},"16":{"start":{"line":31,"column":4},"end":{"line":31,"column":49}},"17":{"start":{"line":35,"column":0},"end":{"line":48,"column":3}},"18":{"start":{"line":36,"column":26},"end":{"line":36,"column":34}},"19":{"start":{"line":38,"column":2},"end":{"line":40,"column":3}},"20":{"start":{"line":39,"column":4},"end":{"line":39,"column":74}},"21":{"start":{"line":41,"column":2},"end":{"line":43,"column":3}},"22":{"start":{"line":42,"column":4},"end":{"line":42,"column":61}},"23":{"start":{"line":45,"column":15},"end":{"line":45,"column":52}},"24":{"start":{"line":46,"column":2},"end":{"line":46,"column":19}},"25":{"start":{"line":47,"column":2},"end":{"line":47,"column":36}},"26":{"start":{"line":50,"column":0},"end":{"line":52,"column":3}},"27":{"start":{"line":51,"column":2},"end":{"line":51,"column":30}},"28":{"start":{"line":54,"column":0},"end":{"line":54,"column":44}}},"fnMap":{"0":{"name":"sum","decl":{"start":{"line":9,"column":9},"end":{"line":9,"column":12}},"loc":{"start":{"line":9,"column":19},"end":{"line":14,"column":1}},"line":9},"1":{"name":"isValidEmail","decl":{"start":{"line":16,"column":9},"end":{"line":16,"column":21}},"loc":{"start":{"line":16,"column":29},"end":{"line":18,"column":1}},"line":16},"2":{"name":"(anonymous_2)","decl":{"start":{"line":20,"column":19},"end":{"line":20,"column":20}},"loc":{"start":{"line":20,"column":33},"end":{"line":22,"column":1}},"line":20},"3":{"name":"(anonymous_3)","decl":{"start":{"line":24,"column":16},"end":{"line":24,"column":17}},"loc":{"start":{"line":24,"column":30},"end":{"line":33,"column":1}},"line":24},"4":{"name":"(anonymous_4)","decl":{"start":{"line":35,"column":19},"end":{"line":35,"column":20}},"loc":{"start":{"line":35,"column":33},"end":{"line":48,"column":1}},"line":35},"5":{"name":"(anonymous_5)","decl":{"start":{"line":50,"column":18},"end":{"line":50,"column":19}},"loc":{"start":{"line":50,"column":32},"end":{"line":52,"column":1}},"line":50}},"branchMap":{"0":{"loc":{"start":{"line":10,"column":2},"end":{"line":12,"column":3}},"type":"if","locations":[{"start":{"line":10,"column":2},"end":{"line":12,"column":3}},{"start":{},"end":{}}],"line":10},"1":{"loc":{"start":{"line":10,"column":6},"end":{"line":10,"column":90}},"type":"binary-expr","locations":[{"start":{"line":10,"column":6},"end":{"line":10,"column":27}},{"start":{"line":10,"column":31},"end":{"line":10,"column":52}},{"start":{"line":10,"column":56},"end":{"line":10,"column":71}},{"start":{"line":10,"column":75},"end":{"line":10,"column":90}}],"line":10},"2":{"loc":{"start":{"line":38,"column":2},"end":{"line":40,"column":3}},"type":"if","locations":[{"start":{"line":38,"column":2},"end":{"line":40,"column":3}},{"start":{},"end":{}}],"line":38},"3":{"loc":{"start":{"line":38,"column":6},"end":{"line":38,"column":21}},"type":"binary-expr","locations":[{"start":{"line":38,"column":6},"end":{"line":38,"column":11}},{"start":{"line":38,"column":15},"end":{"line":38,"column":21}}],"line":38},"4":{"loc":{"start":{"line":41,"column":2},"end":{"line":43,"column":3}},"type":"if","locations":[{"start":{"line":41,"column":2},"end":{"line":43,"column":3}},{"start":{},"end":{}}],"line":41}},"s":{"0":1,"1":1,"2":1,"3":1,"4":5,"5":2,"6":3,"7":3,"8":1,"9":1,"10":1,"11":2,"12":2,"13":2,"14":2,"15":1,"16":1,"17":1,"18":2,"19":2,"20":1,"21":1,"22":0,"23":1,"24":1,"25":1,"26":1,"27":0,"28":1},"f":{"0":5,"1":3,"2":1,"3":2,"4":2,"5":0},"b":{"0":[2,3],"1":[5,4,4,3],"2":[1,1],"3":[2,2],"4":[0,1]},"_coverageSchema":"1a1c01bbd47fc00a2c39e90264f33305004495a9","hash":"4f457a15e2b7ab68f16933fbd62f647777ce53d7"}
}
