TN:
SF:src\app.js
FN:9,sum
FN:16,isValidEmail
FN:20,(anonymous_2)
FN:24,(anonymous_3)
FN:35,(anonymous_4)
FN:50,(anonymous_5)
FNF:6
FNH:5
FNDA:5,sum
FNDA:3,isValidEmail
FNDA:1,(anonymous_2)
FNDA:2,(anonymous_3)
FNDA:2,(anonymous_4)
FNDA:0,(anonymous_5)
DA:1,1
DA:3,1
DA:4,1
DA:7,1
DA:10,5
DA:11,2
DA:13,3
DA:17,3
DA:20,1
DA:21,1
DA:24,1
DA:25,2
DA:26,2
DA:27,2
DA:28,2
DA:29,1
DA:31,1
DA:35,1
DA:36,2
DA:38,2
DA:39,1
DA:41,1
DA:42,0
DA:45,1
DA:46,1
DA:47,1
DA:50,1
DA:51,0
DA:54,1
LF:29
LH:27
BRDA:10,0,0,2
BRDA:10,0,1,3
BRDA:10,1,0,5
BRDA:10,1,1,4
BRDA:10,1,2,4
BRDA:10,1,3,3
BRDA:38,2,0,1
BRDA:38,2,1,1
BRDA:38,3,0,2
BRDA:38,3,1,2
BRDA:41,4,0,0
BRDA:41,4,1,1
BRF:12
BRH:11
end_of_record
